c:\users\nikitos\documents\visual studio 2022\myprojects\zmeyka\zmeyka\release\vc143.pdb
c:\users\nikitos\documents\visual studio 2022\myprojects\zmeyka\zmeyka\release\main.obj
c:\users\nikitos\documents\visual studio 2022\myprojects\zmeyka\zmeyka\release\imgui_widgets.obj
c:\users\nikitos\documents\visual studio 2022\myprojects\zmeyka\zmeyka\release\imgui_tables.obj
c:\users\nikitos\documents\visual studio 2022\myprojects\zmeyka\zmeyka\release\imgui_impl_win32.obj
c:\users\nikitos\documents\visual studio 2022\myprojects\zmeyka\zmeyka\release\imgui_impl_dx12.obj
c:\users\nikitos\documents\visual studio 2022\myprojects\zmeyka\zmeyka\release\imgui_draw.obj
c:\users\nikitos\documents\visual studio 2022\myprojects\zmeyka\zmeyka\release\imgui_demo.obj
c:\users\nikitos\documents\visual studio 2022\myprojects\zmeyka\zmeyka\release\imgui.obj
c:\users\nikitos\documents\visual studio 2022\myprojects\zmeyka\zmeyka\release\example_win32_directx12.ipdb
c:\users\nikitos\documents\visual studio 2022\myprojects\zmeyka\zmeyka\release\example_win32_directx12.iobj
c:\users\nikitos\documents\visual studio 2022\myprojects\zmeyka\zmeyka\release\example_win32_directx12.exe
c:\users\nikitos\documents\visual studio 2022\myprojects\zmeyka\zmeyka\release\example_win32_directx12.pdb
c:\users\nikitos\documents\visual studio 2022\myprojects\zmeyka\zmeyka\release\example_win32_directx12.vcxproj.filelistabsolute.txt
c:\users\nikitos\documents\visual studio 2022\myprojects\zmeyka\zmeyka\release\example_.b4cf9797.tlog\cl.command.1.tlog
c:\users\nikitos\documents\visual studio 2022\myprojects\zmeyka\zmeyka\release\example_.b4cf9797.tlog\cl.read.1.tlog
c:\users\nikitos\documents\visual studio 2022\myprojects\zmeyka\zmeyka\release\example_.b4cf9797.tlog\cl.write.1.tlog
c:\users\nikitos\documents\visual studio 2022\myprojects\zmeyka\zmeyka\release\example_.b4cf9797.tlog\example_win32_directx12.write.1u.tlog
c:\users\nikitos\documents\visual studio 2022\myprojects\zmeyka\zmeyka\release\example_.b4cf9797.tlog\link.command.1.tlog
c:\users\nikitos\documents\visual studio 2022\myprojects\zmeyka\zmeyka\release\example_.b4cf9797.tlog\link.read.1.tlog
c:\users\nikitos\documents\visual studio 2022\myprojects\zmeyka\zmeyka\release\example_.b4cf9797.tlog\link.write.1.tlog
